INFO 2021-05-24 17:31:12,717 main 677 Generating paired end reads.
DEBUG 2021-05-24 17:31:12,720 main 680 Parsing model file.
DEBUG 2021-05-24 17:31:12,720 parseModel 371 Parsing error model file
DEBUG 2021-05-24 17:31:13,358 main 682 Model file parsed.
DEBUG 2021-05-24 17:31:13,899 getRef 93 Reference file successfully parsed.
INFO 2021-05-24 17:31:21,336 main 825 ...simulated 5000 read pairs.
INFO 2021-05-24 17:31:31,442 main 825 ...simulated 10000 read pairs.
INFO 2021-05-24 17:31:46,034 main 825 ...simulated 15000 read pairs.
INFO 2021-05-24 17:31:54,998 main 825 ...simulated 20000 read pairs.
INFO 2021-05-24 17:32:03,123 main 825 ...simulated 25000 read pairs.
INFO 2021-05-24 17:32:10,382 main 825 ...simulated 30000 read pairs.
INFO 2021-05-24 17:32:17,899 main 825 ...simulated 35000 read pairs.
INFO 2021-05-24 17:32:27,224 main 825 ...simulated 40000 read pairs.
INFO 2021-05-24 17:32:36,317 main 825 ...simulated 45000 read pairs.
INFO 2021-05-24 17:32:45,407 main 825 ...simulated 50000 read pairs.
INFO 2021-05-24 17:32:53,384 main 825 ...simulated 55000 read pairs.
INFO 2021-05-24 17:33:01,868 main 825 ...simulated 60000 read pairs.
INFO 2021-05-24 17:33:10,553 main 825 ...simulated 65000 read pairs.
INFO 2021-05-24 17:33:18,640 main 825 ...simulated 70000 read pairs.
INFO 2021-05-24 17:33:26,848 main 825 ...simulated 75000 read pairs.
INFO 2021-05-24 17:33:35,770 main 825 ...simulated 80000 read pairs.
INFO 2021-05-24 17:33:44,282 main 825 ...simulated 85000 read pairs.
INFO 2021-05-24 17:33:53,599 main 825 ...simulated 90000 read pairs.
INFO 2021-05-24 17:34:02,132 main 825 ...simulated 95000 read pairs.
INFO 2021-05-24 17:34:13,144 main 825 ...simulated 100000 read pairs.
INFO 2021-05-24 17:34:24,970 main 825 ...simulated 105000 read pairs.
INFO 2021-05-24 17:34:41,174 main 825 ...simulated 110000 read pairs.
INFO 2021-05-24 17:34:50,726 main 825 ...simulated 115000 read pairs.
INFO 2021-05-24 17:34:59,393 main 825 ...simulated 120000 read pairs.
INFO 2021-05-24 17:35:07,108 main 825 ...simulated 125000 read pairs.
INFO 2021-05-24 17:35:15,475 main 825 ...simulated 130000 read pairs.
INFO 2021-05-24 17:35:24,631 main 825 ...simulated 135000 read pairs.
INFO 2021-05-24 17:35:33,139 main 825 ...simulated 140000 read pairs.
INFO 2021-05-24 17:35:42,333 main 825 ...simulated 145000 read pairs.
INFO 2021-05-24 17:35:51,742 main 825 ...simulated 150000 read pairs.
INFO 2021-05-24 17:35:59,955 main 825 ...simulated 155000 read pairs.
INFO 2021-05-24 17:36:09,170 main 825 ...simulated 160000 read pairs.
INFO 2021-05-24 17:36:17,131 main 825 ...simulated 165000 read pairs.
INFO 2021-05-24 17:36:27,577 main 825 ...simulated 170000 read pairs.
INFO 2021-05-24 17:36:35,712 main 825 ...simulated 175000 read pairs.
INFO 2021-05-24 17:36:47,985 main 825 ...simulated 180000 read pairs.
INFO 2021-05-24 17:36:57,503 main 825 ...simulated 185000 read pairs.
INFO 2021-05-24 17:37:06,428 main 825 ...simulated 190000 read pairs.
INFO 2021-05-24 17:37:14,289 main 825 ...simulated 195000 read pairs.
INFO 2021-05-24 17:37:23,030 main 825 ...simulated 200000 read pairs.
INFO 2021-05-24 17:37:30,369 main 825 ...simulated 205000 read pairs.
INFO 2021-05-24 17:37:37,761 main 825 ...simulated 210000 read pairs.
INFO 2021-05-24 17:37:44,958 main 825 ...simulated 215000 read pairs.
INFO 2021-05-24 17:37:52,715 main 825 ...simulated 220000 read pairs.
INFO 2021-05-24 17:37:59,843 main 825 ...simulated 225000 read pairs.
INFO 2021-05-24 17:38:07,787 main 825 ...simulated 230000 read pairs.
INFO 2021-05-24 17:38:16,939 main 825 ...simulated 235000 read pairs.
INFO 2021-05-24 17:38:25,925 main 825 ...simulated 240000 read pairs.
INFO 2021-05-24 17:38:33,554 main 825 ...simulated 245000 read pairs.
INFO 2021-05-24 17:38:41,782 main 825 ...simulated 250000 read pairs.
INFO 2021-05-24 17:38:49,319 main 825 ...simulated 255000 read pairs.
INFO 2021-05-24 17:38:57,928 main 825 ...simulated 260000 read pairs.
INFO 2021-05-24 17:39:06,476 main 825 ...simulated 265000 read pairs.
INFO 2021-05-24 17:39:14,515 main 825 ...simulated 270000 read pairs.
INFO 2021-05-24 17:39:23,596 main 825 ...simulated 275000 read pairs.
INFO 2021-05-24 17:39:33,370 main 825 ...simulated 280000 read pairs.
INFO 2021-05-24 17:39:45,541 main 825 ...simulated 285000 read pairs.
INFO 2021-05-24 17:39:53,840 main 825 ...simulated 290000 read pairs.
INFO 2021-05-24 17:40:01,608 main 825 ...simulated 295000 read pairs.
INFO 2021-05-24 17:40:08,983 main 825 ...simulated 300000 read pairs.
INFO 2021-05-24 17:40:17,469 main 825 ...simulated 305000 read pairs.
INFO 2021-05-24 17:40:28,570 main 825 ...simulated 310000 read pairs.
INFO 2021-05-24 17:40:36,106 main 825 ...simulated 315000 read pairs.
INFO 2021-05-24 17:40:43,467 main 825 ...simulated 320000 read pairs.
INFO 2021-05-24 17:40:50,778 main 825 ...simulated 325000 read pairs.
INFO 2021-05-24 17:40:59,092 main 825 ...simulated 330000 read pairs.
INFO 2021-05-24 17:41:08,995 main 825 ...simulated 335000 read pairs.
INFO 2021-05-24 17:41:18,736 main 825 ...simulated 340000 read pairs.
INFO 2021-05-24 17:41:27,205 main 825 ...simulated 345000 read pairs.
INFO 2021-05-24 17:41:35,354 main 825 ...simulated 350000 read pairs.
INFO 2021-05-24 17:41:44,433 main 825 ...simulated 355000 read pairs.
INFO 2021-05-24 17:41:55,518 main 825 ...simulated 360000 read pairs.
INFO 2021-05-24 17:42:05,341 main 825 ...simulated 365000 read pairs.
INFO 2021-05-24 17:42:14,634 main 825 ...simulated 370000 read pairs.
INFO 2021-05-24 17:42:23,062 main 825 ...simulated 375000 read pairs.
INFO 2021-05-24 17:42:31,131 main 825 ...simulated 380000 read pairs.
INFO 2021-05-24 17:42:39,341 main 825 ...simulated 385000 read pairs.
INFO 2021-05-24 17:42:48,134 main 825 ...simulated 390000 read pairs.
INFO 2021-05-24 17:42:56,204 main 825 ...simulated 395000 read pairs.
INFO 2021-05-24 17:43:05,743 main 825 ...simulated 400000 read pairs.
INFO 2021-05-24 17:43:13,161 main 825 ...simulated 405000 read pairs.
INFO 2021-05-24 17:43:21,481 main 825 ...simulated 410000 read pairs.
INFO 2021-05-24 17:43:29,303 main 825 ...simulated 415000 read pairs.
INFO 2021-05-24 17:43:36,607 main 825 ...simulated 420000 read pairs.
INFO 2021-05-24 17:43:43,805 main 825 ...simulated 425000 read pairs.
INFO 2021-05-24 17:43:51,718 main 825 ...simulated 430000 read pairs.
INFO 2021-05-24 17:44:00,067 main 825 ...simulated 435000 read pairs.
INFO 2021-05-24 17:44:09,248 main 825 ...simulated 440000 read pairs.
INFO 2021-05-24 17:44:17,392 main 825 ...simulated 445000 read pairs.
INFO 2021-05-24 17:44:24,839 main 825 ...simulated 450000 read pairs.
INFO 2021-05-24 17:44:32,295 main 825 ...simulated 455000 read pairs.
INFO 2021-05-24 17:44:39,606 main 825 ...simulated 460000 read pairs.
INFO 2021-05-24 17:44:46,823 main 825 ...simulated 465000 read pairs.
INFO 2021-05-24 17:44:54,026 main 825 ...simulated 470000 read pairs.
INFO 2021-05-24 17:45:01,317 main 825 ...simulated 475000 read pairs.
INFO 2021-05-24 17:45:09,141 main 825 ...simulated 480000 read pairs.
INFO 2021-05-24 17:45:16,242 main 825 ...simulated 485000 read pairs.
INFO 2021-05-24 17:45:23,899 main 825 ...simulated 490000 read pairs.
INFO 2021-05-24 17:45:31,124 main 825 ...simulated 495000 read pairs.
INFO 2021-05-24 17:45:38,928 main 825 ...simulated 500000 read pairs.
INFO 2021-05-24 17:45:47,119 main 825 ...simulated 505000 read pairs.
INFO 2021-05-24 17:45:54,910 main 825 ...simulated 510000 read pairs.
INFO 2021-05-24 17:46:03,743 main 825 ...simulated 515000 read pairs.
INFO 2021-05-24 17:46:11,262 main 825 ...simulated 520000 read pairs.
INFO 2021-05-24 17:46:21,338 main 825 ...simulated 525000 read pairs.
INFO 2021-05-24 17:46:32,699 main 825 ...simulated 530000 read pairs.
INFO 2021-05-24 17:46:41,852 main 825 ...simulated 535000 read pairs.
INFO 2021-05-24 17:46:49,049 main 825 ...simulated 540000 read pairs.
INFO 2021-05-24 17:46:56,268 main 825 ...simulated 545000 read pairs.
INFO 2021-05-24 17:47:03,463 main 825 ...simulated 550000 read pairs.
INFO 2021-05-24 17:47:10,666 main 825 ...simulated 555000 read pairs.
INFO 2021-05-24 17:47:17,831 main 825 ...simulated 560000 read pairs.
INFO 2021-05-24 17:47:25,050 main 825 ...simulated 565000 read pairs.
INFO 2021-05-24 17:47:32,229 main 825 ...simulated 570000 read pairs.
INFO 2021-05-24 17:47:39,521 main 825 ...simulated 575000 read pairs.
INFO 2021-05-24 17:47:46,742 main 825 ...simulated 580000 read pairs.
INFO 2021-05-24 17:47:54,000 main 825 ...simulated 585000 read pairs.
INFO 2021-05-24 17:48:01,179 main 825 ...simulated 590000 read pairs.
INFO 2021-05-24 17:48:08,478 main 825 ...simulated 595000 read pairs.
INFO 2021-05-24 17:48:15,718 main 825 ...simulated 600000 read pairs.
INFO 2021-05-24 17:48:23,025 main 825 ...simulated 605000 read pairs.
INFO 2021-05-24 17:48:31,644 main 825 ...simulated 610000 read pairs.
INFO 2021-05-24 17:48:39,688 main 825 ...simulated 615000 read pairs.
INFO 2021-05-24 17:48:46,886 main 825 ...simulated 620000 read pairs.
INFO 2021-05-24 17:48:54,146 main 825 ...simulated 625000 read pairs.
INFO 2021-05-24 17:49:01,889 main 825 ...simulated 630000 read pairs.
INFO 2021-05-24 17:49:09,218 main 825 ...simulated 635000 read pairs.
INFO 2021-05-24 17:49:17,511 main 825 ...simulated 640000 read pairs.
INFO 2021-05-24 17:49:25,498 main 825 ...simulated 645000 read pairs.
INFO 2021-05-24 17:49:32,809 main 825 ...simulated 650000 read pairs.
INFO 2021-05-24 17:49:40,202 main 825 ...simulated 655000 read pairs.
INFO 2021-05-24 17:49:50,478 main 825 ...simulated 660000 read pairs.
INFO 2021-05-24 17:50:00,257 main 825 ...simulated 665000 read pairs.
INFO 2021-05-24 17:50:11,037 main 825 ...simulated 670000 read pairs.
INFO 2021-05-24 17:50:21,063 main 825 ...simulated 675000 read pairs.
INFO 2021-05-24 17:50:29,547 main 825 ...simulated 680000 read pairs.
INFO 2021-05-24 17:50:39,375 main 825 ...simulated 685000 read pairs.
INFO 2021-05-24 17:50:52,377 main 825 ...simulated 690000 read pairs.
INFO 2021-05-24 17:51:02,010 main 825 ...simulated 695000 read pairs.
INFO 2021-05-24 17:51:09,261 main 825 ...simulated 700000 read pairs.
INFO 2021-05-24 17:51:16,234 main 825 ...simulated 705000 read pairs.
INFO 2021-05-24 17:51:23,954 main 825 ...simulated 710000 read pairs.
INFO 2021-05-24 17:51:31,217 main 825 ...simulated 715000 read pairs.
INFO 2021-05-24 17:51:38,035 main 825 ...simulated 720000 read pairs.
INFO 2021-05-24 17:51:44,810 main 825 ...simulated 725000 read pairs.
INFO 2021-05-24 17:51:51,575 main 825 ...simulated 730000 read pairs.
INFO 2021-05-24 17:51:58,331 main 825 ...simulated 735000 read pairs.
INFO 2021-05-24 17:52:05,086 main 825 ...simulated 740000 read pairs.
INFO 2021-05-24 17:52:11,842 main 825 ...simulated 745000 read pairs.
INFO 2021-05-24 17:52:18,612 main 825 ...simulated 750000 read pairs.
INFO 2021-05-24 17:52:18,616 main 831 Simulated 750002 reads from reference sample
